Arguments: 
  /Users/jchan/.nvm/versions/node/v6.4.0/bin/node /Users/jchan/.nvm/versions/node/v6.4.0/bin/yarn install

PATH: 
  /Users/jchan/.nvm/versions/node/v6.4.0/bin:/Users/jchan/devtools/arcanist/bin:/usr/bin:/bin:/usr/sbin:/sbin:/usr/local/bin

Yarn version: 
  0.27.5

Node version: 
  6.4.0

Platform: 
  darwin x64

npm manifest: 
  {
    "name": "ghostjs-test-examples",
    "version": "1.0.0",
    "description": "Test examples for the ghostjs test runner.",
    "main": "index.js",
    "scripts": {
      "test": "npm run test:phantom && npm run test:firefox && npm run test:chrome",
      "test:chrome": "ghostjs --browser chrome test/*.js",
      "test:phantom": "ghostjs --browser phantom test/*.js",
      "test:firefox": "ghostjs --browser firefox test/*.js"
    },
    "author": "Kevin Grandon <kevingrandon@yahoo.com>",
    "license": "MPL-2.0",
    "dependencies": {
      "babel-preset-es2015": "^6.13.2",
      "babel-preset-stage-0": "^6.3.13",
      "ghostjs": "file:../ghostjs-core",
      "ghostjs-chrome-adapter": "git://github.com/KevinGrandon/ghostjs-chrome-adapter.git",
      "hapi": "^14.1.0",
      "inert": "^4.0.1",
      "slimerjs-firefox": "^1.0.5-no-download"
    },
    "devDependencies": {
      "babel-eslint": "^6.1.2",
      "standard": "^7.0.1"
    },
    "standard": {
      "parser": "babel-eslint",
      "globals": [
        "after",
        "before",
        "describe",
        "it"
      ]
    }
  }

yarn manifest: 
  No manifest

Lockfile: 
  No lockfile

Trace: 
  Error: connect ETIMEDOUT 104.16.62.173:443
      at Object.exports._errnoException (util.js:1026:11)
      at exports._exceptionWithHostPort (util.js:1049:20)
      at TCPConnectWrap.afterConnect [as oncomplete] (net.js:1081:14)
